Using pre-set license
Built from '2022.3/staging' branch; Version is '2022.3.14f1 (eff2de9070d8) revision 15725278'; Using compiler version '192829333'; Build Type 'Release'
OS: 'Windows 11  (10.0.22621) 64bit Core' Language: 'ko' Physical Memory: 32581 MB
BatchMode: 1, IsHumanControllingUs: 0, StartBugReporterOnCrash: 0, Is64bit: 1, IsPro: 1

COMMAND LINE ARGUMENTS:
C:\Program Files\Unity 2022.3.14f1\Editor\Unity.exe
-adb2
-batchMode
-noUpm
-name
AssetImportWorker0
-projectPath
C:/Users/gkdl3/LYJ_MRTK
-logFile
Logs/AssetImportWorker0.log
-srvPort
60908
Successfully changed project path to: C:/Users/gkdl3/LYJ_MRTK
C:/Users/gkdl3/LYJ_MRTK
[UnityMemory] Configuration Parameters - Can be set up in boot.config
    "memorysetup-bucket-allocator-granularity=16"
    "memorysetup-bucket-allocator-bucket-count=8"
    "memorysetup-bucket-allocator-block-size=33554432"
    "memorysetup-bucket-allocator-block-count=8"
    "memorysetup-main-allocator-block-size=16777216"
    "memorysetup-thread-allocator-block-size=16777216"
    "memorysetup-gfx-main-allocator-block-size=16777216"
    "memorysetup-gfx-thread-allocator-block-size=16777216"
    "memorysetup-cache-allocator-block-size=4194304"
    "memorysetup-typetree-allocator-block-size=2097152"
    "memorysetup-profiler-bucket-allocator-granularity=16"
    "memorysetup-profiler-bucket-allocator-bucket-count=8"
    "memorysetup-profiler-bucket-allocator-block-size=33554432"
    "memorysetup-profiler-bucket-allocator-block-count=8"
    "memorysetup-profiler-allocator-block-size=16777216"
    "memorysetup-profiler-editor-allocator-block-size=1048576"
    "memorysetup-temp-allocator-size-main=16777216"
    "memorysetup-job-temp-allocator-block-size=2097152"
    "memorysetup-job-temp-allocator-block-size-background=1048576"
    "memorysetup-job-temp-allocator-reduction-small-platforms=262144"
    "memorysetup-allocator-temp-initial-block-size-main=262144"
    "memorysetup-allocator-temp-initial-block-size-worker=262144"
    "memorysetup-temp-allocator-size-background-worker=32768"
    "memorysetup-temp-allocator-size-job-worker=262144"
    "memorysetup-temp-allocator-size-preload-manager=33554432"
    "memorysetup-temp-allocator-size-nav-mesh-worker=65536"
    "memorysetup-temp-allocator-size-audio-worker=65536"
    "memorysetup-temp-allocator-size-cloud-worker=32768"
    "memorysetup-temp-allocator-size-gi-baking-worker=262144"
    "memorysetup-temp-allocator-size-gfx=262144"
Player connection [17828] Host "[IP] 192.168.0.13 [Port] 0 [Flags] 2 [Guid] 2217495346 [EditorId] 2217495346 [Version] 1048832 [Id] WindowsEditor(7,DESKTOP-3T14MI5) [Debug] 1 [PackageName] WindowsEditor [ProjectName] Editor" joined multi-casting on [225.0.0.222:54997]...

Player connection [17828] Host "[IP] 192.168.0.13 [Port] 0 [Flags] 2 [Guid] 2217495346 [EditorId] 2217495346 [Version] 1048832 [Id] WindowsEditor(7,DESKTOP-3T14MI5) [Debug] 1 [PackageName] WindowsEditor [ProjectName] Editor" joined alternative multi-casting on [225.0.0.222:34997]...

[Physics::Module] Initialized MultithreadedJobDispatcher with 11 workers.
Refreshing native plugins compatible for Editor in 16.69 ms, found 15 plugins.
Preloading 0 native plugins for Editor in 0.00 ms.
Initialize engine version: 2022.3.14f1 (eff2de9070d8)
[Subsystems] Discovering subsystems at path C:/Program Files/Unity 2022.3.14f1/Editor/Data/Resources/UnitySubsystems
[Subsystems] Discovering subsystems at path C:/Users/gkdl3/LYJ_MRTK/Assets
GfxDevice: creating device client; threaded=0; jobified=0
Direct3D:
    Version:  Direct3D 11.0 [level 11.1]
    Renderer: NVIDIA GeForce RTX 3060 Ti (ID=0x2489)
    Vendor:   NVIDIA
    VRAM:     8038 MB
    Driver:   31.0.15.4629
Initialize mono
Mono path[0] = 'C:/Program Files/Unity 2022.3.14f1/Editor/Data/Managed'
Mono path[1] = 'C:/Program Files/Unity 2022.3.14f1/Editor/Data/MonoBleedingEdge/lib/mono/unityjit-win32'
Mono config path = 'C:/Program Files/Unity 2022.3.14f1/Editor/Data/MonoBleedingEdge/etc'
Using monoOptions --debugger-agent=transport=dt_socket,embedding=1,server=y,suspend=n,address=127.0.0.1:56056
Begin MonoManager ReloadAssembly
Registering precompiled unity dll's ...
Register platform support module: C:/Program Files/Unity 2022.3.14f1/Editor/Data/PlaybackEngines/WindowsStandaloneSupport/UnityEditor.WindowsStandalone.Extensions.dll
Register platform support module: C:/Program Files/Unity 2022.3.14f1/Editor/Data/PlaybackEngines/MetroSupport/UnityEditor.UWP.Extensions.dll
Registered in 0.003241 seconds.
- Loaded All Assemblies, in  0.327 seconds
Native extension for UWP target not found
Native extension for WindowsStandalone target not found
Mono: successfully reloaded assembly
- Finished resetting the current domain, in  0.238 seconds
Domain Reload Profiling: 564ms
	BeginReloadAssembly (97ms)
		ExecutionOrderSort (0ms)
		DisableScriptedObjects (0ms)
		BackupInstance (0ms)
		ReleaseScriptingObjects (0ms)
		CreateAndSetChildDomain (1ms)
	RebuildCommonClasses (33ms)
	RebuildNativeTypeToScriptingClass (8ms)
	initialDomainReloadingComplete (45ms)
	LoadAllAssembliesAndSetupDomain (143ms)
		LoadAssemblies (96ms)
		RebuildTransferFunctionScriptingTraits (0ms)
		AnalyzeDomain (140ms)
			TypeCache.Refresh (139ms)
				TypeCache.ScanAssembly (124ms)
			ScanForSourceGeneratedMonoScriptInfo (0ms)
			ResolveRequiredComponents (1ms)
	FinalizeReload (239ms)
		ReleaseScriptCaches (0ms)
		RebuildScriptCaches (0ms)
		SetupLoadedEditorAssemblies (185ms)
			LogAssemblyErrors (0ms)
			InitializePlatformSupportModulesInManaged (8ms)
			SetLoadedEditorAssemblies (4ms)
			RefreshPlugins (0ms)
			BeforeProcessingInitializeOnLoad (2ms)
			ProcessInitializeOnLoadAttributes (122ms)
			ProcessInitializeOnLoadMethodAttributes (48ms)
			AfterProcessingInitializeOnLoad (0ms)
			EditorAssembliesLoaded (0ms)
		ExecutionOrderSort2 (0ms)
		AwakeInstancesAfterBackupRestoration (0ms)
========================================================================
Worker process is ready to serve import requests
Begin MonoManager ReloadAssembly
- Loaded All Assemblies, in  0.707 seconds
Refreshing native plugins compatible for Editor in 8.87 ms, found 15 plugins.
Native extension for UWP target not found
Native extension for WindowsStandalone target not found
Package Manager log level set to [2]
[Package Manager] Server::EnsureServerProcessIsRunning -- launch failed, reason: Unity was launched with the -noUpm command-line argument
[Package Manager] UpmClient::Send -- Unable to send message (not connected to UPM process).
[Package Manager] Cannot connect to Unity Package Manager local server
[Package Manager] Server::EnsureServerProcessIsRunning -- launch failed, reason: Unity was launched with the -noUpm command-line argument
[Package Manager] UpmClient::Send -- Unable to send message (not connected to UPM process).
[Package Manager] Cannot connect to Unity Package Manager local server
Mono: successfully reloaded assembly
[Package Manager] Server::EnsureServerProcessIsRunning -- launch failed, reason: Unity was launched with the -noUpm command-line argument
[Package Manager] UpmClient::Send -- Unable to send message (not connected to UPM process).
[Package Manager] Cannot connect to Unity Package Manager local server
[Package Manager] Server::EnsureServerProcessIsRunning -- launch failed, reason: Unity was launched with the -noUpm command-line argument
[Package Manager] UpmClient::Send -- Unable to send message (not connected to UPM process).
[Package Manager] Cannot connect to Unity Package Manager local server
- Finished resetting the current domain, in  0.802 seconds
Domain Reload Profiling: 1507ms
	BeginReloadAssembly (129ms)
		ExecutionOrderSort (0ms)
		DisableScriptedObjects (4ms)
		BackupInstance (0ms)
		ReleaseScriptingObjects (0ms)
		CreateAndSetChildDomain (20ms)
	RebuildCommonClasses (28ms)
	RebuildNativeTypeToScriptingClass (8ms)
	initialDomainReloadingComplete (38ms)
	LoadAllAssembliesAndSetupDomain (502ms)
		LoadAssemblies (309ms)
		RebuildTransferFunctionScriptingTraits (0ms)
		AnalyzeDomain (264ms)
			TypeCache.Refresh (215ms)
				TypeCache.ScanAssembly (192ms)
			ScanForSourceGeneratedMonoScriptInfo (41ms)
			ResolveRequiredComponents (8ms)
	FinalizeReload (802ms)
		ReleaseScriptCaches (0ms)
		RebuildScriptCaches (0ms)
		SetupLoadedEditorAssemblies (636ms)
			LogAssemblyErrors (0ms)
			InitializePlatformSupportModulesInManaged (6ms)
			SetLoadedEditorAssemblies (5ms)
			RefreshPlugins (0ms)
			BeforeProcessingInitializeOnLoad (82ms)
			ProcessInitializeOnLoadAttributes (478ms)
			ProcessInitializeOnLoadMethodAttributes (61ms)
			AfterProcessingInitializeOnLoad (4ms)
			EditorAssembliesLoaded (0ms)
		ExecutionOrderSort2 (0ms)
		AwakeInstancesAfterBackupRestoration (5ms)
Launched and connected shader compiler UnityShaderCompiler.exe after 0.04 seconds
Refreshing native plugins compatible for Editor in 9.13 ms, found 15 plugins.
Preloading 0 native plugins for Editor in 0.00 ms.
Unloading 5743 Unused Serialized files (Serialized files now loaded: 0)
Unloading 89 unused Assets / (1.2 MB). Loaded Objects now: 6210.
Memory consumption went from 191.1 MB to 189.9 MB.
Total: 3.632000 ms (FindLiveObjects: 0.381400 ms CreateObjectMapping: 0.300800 ms MarkObjects: 2.463100 ms  DeleteObjects: 0.485800 ms)

AssetImportParameters requested are different than current active one (requested -> active):
  custom:container-demuxer-ogg: 62fdf1f143b41e24485cea50d1cbac27 -> 
  custom:video-decoder-ogg-theora: a1e56fd34408186e4bbccfd4996cb3dc -> 
  custom:framework-win-MediaFoundation: 216162199b28c13a410421893ffa2e32 -> 
  custom:CustomObjectIndexerAttribute: 756ad292c208cfabdd7b50bc23989ffe -> 
  custom:container-demuxer-webm: 4f35f7cbe854078d1ac9338744f61a02 -> 
  custom:container-muxer-webm: aa71ff27fc2769a1b78a27578f13a17b -> 
  custom:video-decoder-webm-vp8: 9c59270c3fd7afecdb556c50c9e8de78 -> 
  custom:SearchIndexIgnoredProperties: e643bd26f0fe6173181afceb89e7c659 -> 
  custom:AudioImporter_EditorPlatform: d09bf68614088b80899f8185d706f6e7 -> 
  custom:video-encoder-webm-vp8: eb34c28f22e8b96e1ab97ce403110664 -> 
  custom:audio-decoder-ogg-vorbis: bf7c407c2cedff20999df2af8eb42d56 -> 
  custom:audio-encoder-webm-vorbis: bf7c407c2cedff20999df2af8eb42d56 -> 
========================================================================
Received Import Request.
  Time since last request: 306997.159131 seconds.
  path: Assets/MixedRealityToolkit.Generated/MRTK.Generated.sentinel
  artifactKey: Guid(b902cdaf48de6684e9082446768afc7a) Importer(2089858483,0ecaa5967403d082aa24f35e1b516d23)
Start importing Assets/MixedRealityToolkit.Generated/MRTK.Generated.sentinel using Guid(b902cdaf48de6684e9082446768afc7a) Importer(2089858483,0ecaa5967403d082aa24f35e1b516d23)  -> (artifact id: 'ddfba189a5224485638ce326e03a807d') in 0.073794 seconds
Number of updated asset objects reloaded before import = 0
Number of asset objects unloaded after import = 1
========================================================================
Received Import Request.
  Time since last request: 0.000019 seconds.
  path: Assets/XR/Loaders/SimulationLoader.asset
  artifactKey: Guid(3c39e748ccb238547a87703d03c157c6) Importer(2089858483,0ecaa5967403d082aa24f35e1b516d23)
Start importing Assets/XR/Loaders/SimulationLoader.asset using Guid(3c39e748ccb238547a87703d03c157c6) Importer(2089858483,0ecaa5967403d082aa24f35e1b516d23)  -> (artifact id: 'bcd1e67849080effcd2d829ce0ce9dd8') in 0.032346 seconds
Number of updated asset objects reloaded before import = 0
Number of asset objects unloaded after import = 1
========================================================================
Received Import Request.
  Time since last request: 0.000037 seconds.
  path: Assets/XR/Settings/OpenXR Editor Settings.asset
  artifactKey: Guid(5221277ff1b5fe54a9b525c0de3f2475) Importer(2089858483,0ecaa5967403d082aa24f35e1b516d23)
Start importing Assets/XR/Settings/OpenXR Editor Settings.asset using Guid(5221277ff1b5fe54a9b525c0de3f2475) Importer(2089858483,0ecaa5967403d082aa24f35e1b516d23)  -> (artifact id: 'aa3a7f52932a4d57dca0b44d97b87eb2') in 0.016894 seconds
Number of updated asset objects reloaded before import = 0
Number of asset objects unloaded after import = 1
========================================================================
Received Import Request.
  Time since last request: 0.000018 seconds.
  path: Assets/XR/UserSimulationSettings/SimulationEnvironmentAssetsManager.asset
  artifactKey: Guid(0ede0fe1f96d7284db18dd77b3f1f7ac) Importer(2089858483,0ecaa5967403d082aa24f35e1b516d23)
Start importing Assets/XR/UserSimulationSettings/SimulationEnvironmentAssetsManager.asset using Guid(0ede0fe1f96d7284db18dd77b3f1f7ac) Importer(2089858483,0ecaa5967403d082aa24f35e1b516d23)  -> (artifact id: 'bbba5789e634b8006eb0e9e514a4c429') in 0.011224 seconds
Number of updated asset objects reloaded before import = 0
Number of asset objects unloaded after import = 1
========================================================================
Received Import Request.
  Time since last request: 0.000014 seconds.
  path: Assets/MRTK/Shaders/Text3DShader.shader
  artifactKey: Guid(80c006b91733f1a4991c49af89321ecd) Importer(2089858483,0ecaa5967403d082aa24f35e1b516d23)
Start importing Assets/MRTK/Shaders/Text3DShader.shader using Guid(80c006b91733f1a4991c49af89321ecd) Importer(2089858483,0ecaa5967403d082aa24f35e1b516d23)  -> (artifact id: 'c66221576265b6a84dfbe91ddb03f889') in 0.015051 seconds
Number of updated asset objects reloaded before import = 0
Number of asset objects unloaded after import = 1
========================================================================
Received Import Request.
  Time since last request: 0.000018 seconds.
  path: Assets/MRTK/Shaders/DepthBufferPostProcess.shader
  artifactKey: Guid(8e3074f33703cbb4186e9b6c2c958fda) Importer(2089858483,0ecaa5967403d082aa24f35e1b516d23)
Start importing Assets/MRTK/Shaders/DepthBufferPostProcess.shader using Guid(8e3074f33703cbb4186e9b6c2c958fda) Importer(2089858483,0ecaa5967403d082aa24f35e1b516d23)  -> (artifact id: '122ef7b99c410d492f9f77fa11687f4b') in 0.009128 seconds
Number of updated asset objects reloaded before import = 0
Number of asset objects unloaded after import = 1
========================================================================
Received Import Request.
  Time since last request: 0.000017 seconds.
  path: Assets/MRTK/Shaders/MRTK_Wireframe.shader
  artifactKey: Guid(5c1653eb4e20b76499141de7bc57c063) Importer(2089858483,0ecaa5967403d082aa24f35e1b516d23)
Start importing Assets/MRTK/Shaders/MRTK_Wireframe.shader using Guid(5c1653eb4e20b76499141de7bc57c063) Importer(2089858483,0ecaa5967403d082aa24f35e1b516d23)  -> (artifact id: '8f1d44cbb11d40b65684d44d3c06ae05') in 0.011567 seconds
Number of updated asset objects reloaded before import = 0
Number of asset objects unloaded after import = 1
========================================================================
Received Import Request.
  Time since last request: 0.000022 seconds.
  path: Assets/XR/Resources/XRSimulationRuntimeSettings.asset
  artifactKey: Guid(2bd9fc37c5a4a4245adb987c5477d5e1) Importer(2089858483,0ecaa5967403d082aa24f35e1b516d23)
Start importing Assets/XR/Resources/XRSimulationRuntimeSettings.asset using Guid(2bd9fc37c5a4a4245adb987c5477d5e1) Importer(2089858483,0ecaa5967403d082aa24f35e1b516d23)  -> (artifact id: 'a778570ab24e0edcc2d826227a06cb0f') in 0.014896 seconds
Number of updated asset objects reloaded before import = 0
Number of asset objects unloaded after import = 1
========================================================================
Received Import Request.
  Time since last request: 7.530407 seconds.
  path: Assets/XR/Settings/OpenXR Package Settings.asset
  artifactKey: Guid(733414cd7793ad14789b37710ed66466) Importer(2089858483,0ecaa5967403d082aa24f35e1b516d23)
Start importing Assets/XR/Settings/OpenXR Package Settings.asset using Guid(733414cd7793ad14789b37710ed66466) Importer(2089858483,0ecaa5967403d082aa24f35e1b516d23)  -> (artifact id: '6c51076524a4ddfd73098a81d6de79c6') in 0.099247 seconds
Number of updated asset objects reloaded before import = 48
Number of asset objects unloaded after import = 1
========================================================================
Received Prepare
Begin MonoManager ReloadAssembly
- Loaded All Assemblies, in  0.520 seconds
Refreshing native plugins compatible for Editor in 8.37 ms, found 15 plugins.
Native extension for UWP target not found
Native extension for WindowsStandalone target not found
[Package Manager] Server::EnsureServerProcessIsRunning -- launch failed, reason: Unity was launched with the -noUpm command-line argument
[Package Manager] UpmClient::Send -- Unable to send message (not connected to UPM process).
[Package Manager] Cannot connect to Unity Package Manager local server
[Package Manager] Server::EnsureServerProcessIsRunning -- launch failed, reason: Unity was launched with the -noUpm command-line argument
[Package Manager] UpmClient::Send -- Unable to send message (not connected to UPM process).
[Package Manager] Cannot connect to Unity Package Manager local server
Mono: successfully reloaded assembly
[Package Manager] Server::EnsureServerProcessIsRunning -- launch failed, reason: Unity was launched with the -noUpm command-line argument
[Package Manager] UpmClient::Send -- Unable to send message (not connected to UPM process).
[Package Manager] Cannot connect to Unity Package Manager local server
- Finished resetting the current domain, in  0.852 seconds
Domain Reload Profiling: 1371ms
	BeginReloadAssembly (142ms)
		ExecutionOrderSort (0ms)
		DisableScriptedObjects (5ms)
		BackupInstance (0ms)
		ReleaseScriptingObjects (0ms)
		CreateAndSetChildDomain (37ms)
	RebuildCommonClasses (29ms)
	RebuildNativeTypeToScriptingClass (11ms)
	initialDomainReloadingComplete (21ms)
	LoadAllAssembliesAndSetupDomain (316ms)
		LoadAssemblies (255ms)
		RebuildTransferFunctionScriptingTraits (0ms)
		AnalyzeDomain (128ms)
			TypeCache.Refresh (95ms)
				TypeCache.ScanAssembly (82ms)
			ScanForSourceGeneratedMonoScriptInfo (25ms)
			ResolveRequiredComponents (7ms)
	FinalizeReload (853ms)
		ReleaseScriptCaches (0ms)
		RebuildScriptCaches (0ms)
		SetupLoadedEditorAssemblies (494ms)
			LogAssemblyErrors (0ms)
			InitializePlatformSupportModulesInManaged (6ms)
			SetLoadedEditorAssemblies (5ms)
			RefreshPlugins (0ms)
			BeforeProcessingInitializeOnLoad (84ms)
			ProcessInitializeOnLoadAttributes (351ms)
			ProcessInitializeOnLoadMethodAttributes (45ms)
			AfterProcessingInitializeOnLoad (4ms)
			EditorAssembliesLoaded (0ms)
		ExecutionOrderSort2 (0ms)
		AwakeInstancesAfterBackupRestoration (9ms)
Refreshing native plugins compatible for Editor in 10.25 ms, found 15 plugins.
Preloading 0 native plugins for Editor in 0.00 ms.
Unloading 5694 Unused Serialized files (Serialized files now loaded: 0)
Unloading 68 unused Assets / (1.2 MB). Loaded Objects now: 6217.
Memory consumption went from 190.1 MB to 189.0 MB.
Total: 3.556700 ms (FindLiveObjects: 0.314400 ms CreateObjectMapping: 0.182900 ms MarkObjects: 2.604900 ms  DeleteObjects: 0.453400 ms)

Prepare: number of updated asset objects reloaded= 0
AssetImportParameters requested are different than current active one (requested -> active):
  custom:container-demuxer-ogg: 62fdf1f143b41e24485cea50d1cbac27 -> 
  custom:video-decoder-ogg-theora: a1e56fd34408186e4bbccfd4996cb3dc -> 
  custom:framework-win-MediaFoundation: 216162199b28c13a410421893ffa2e32 -> 
  custom:CustomObjectIndexerAttribute: 756ad292c208cfabdd7b50bc23989ffe -> 
  custom:container-demuxer-webm: 4f35f7cbe854078d1ac9338744f61a02 -> 
  custom:container-muxer-webm: aa71ff27fc2769a1b78a27578f13a17b -> 
  custom:video-decoder-webm-vp8: 9c59270c3fd7afecdb556c50c9e8de78 -> 
  custom:SearchIndexIgnoredProperties: e643bd26f0fe6173181afceb89e7c659 -> 
  custom:AudioImporter_EditorPlatform: d09bf68614088b80899f8185d706f6e7 -> 
  custom:video-encoder-webm-vp8: eb34c28f22e8b96e1ab97ce403110664 -> 
  custom:audio-decoder-ogg-vorbis: bf7c407c2cedff20999df2af8eb42d56 -> 
  custom:audio-encoder-webm-vorbis: bf7c407c2cedff20999df2af8eb42d56 -> 
========================================================================
Received Import Request.
  Time since last request: 362.848360 seconds.
  path: Assets/MRTK
  artifactKey: Guid(98a9a96f3afc7f742bace1f914e6369b) Importer(815301076,1909f56bfc062723c751e8b465ee728b)
Start importing Assets/MRTK using Guid(98a9a96f3afc7f742bace1f914e6369b) Importer(815301076,1909f56bfc062723c751e8b465ee728b)  -> (artifact id: 'cc56aa1d482e391681583ae3ee19febe') in 0.002455 seconds
Number of updated asset objects reloaded before import = 0
Number of asset objects unloaded after import = 0
========================================================================
Received Import Request.
  Time since last request: 10.068014 seconds.
  path: Assets/MixedRealityToolkit.Generated/ProjectPreferences.asset
  artifactKey: Guid(8e7a621def9c2cb4aa42ac54e5bb7744) Importer(815301076,1909f56bfc062723c751e8b465ee728b)
Start importing Assets/MixedRealityToolkit.Generated/ProjectPreferences.asset using Guid(8e7a621def9c2cb4aa42ac54e5bb7744) Importer(815301076,1909f56bfc062723c751e8b465ee728b)  -> (artifact id: 'eb9575569fab808b2044c179f43db45c') in 0.010983 seconds
Number of updated asset objects reloaded before import = 0
Number of asset objects unloaded after import = 1
========================================================================
Received Import Request.
  Time since last request: 118.055775 seconds.
  path: Assets/MixedRealityToolkit.Generated/ProjectPreferences.asset
  artifactKey: Guid(8e7a621def9c2cb4aa42ac54e5bb7744) Importer(815301076,1909f56bfc062723c751e8b465ee728b)
Start importing Assets/MixedRealityToolkit.Generated/ProjectPreferences.asset using Guid(8e7a621def9c2cb4aa42ac54e5bb7744) Importer(815301076,1909f56bfc062723c751e8b465ee728b)  -> (artifact id: 'd4afbeef003948cfc73a50e3d2fe8624') in 0.000848 seconds
Number of updated asset objects reloaded before import = 45
Number of asset objects unloaded after import = 1
========================================================================
Received Import Request.
  Time since last request: 0.050410 seconds.
  path: Assets/MixedRealityToolkit.Generated/ProjectPreferences.asset
  artifactKey: Guid(8e7a621def9c2cb4aa42ac54e5bb7744) Importer(815301076,1909f56bfc062723c751e8b465ee728b)
Start importing Assets/MixedRealityToolkit.Generated/ProjectPreferences.asset using Guid(8e7a621def9c2cb4aa42ac54e5bb7744) Importer(815301076,1909f56bfc062723c751e8b465ee728b)  -> (artifact id: 'e7c0d4cef30096e2c91550cf7401828a') in 0.001274 seconds
Number of updated asset objects reloaded before import = 0
Number of asset objects unloaded after import = 1
========================================================================
Received Import Request.
  Time since last request: 6.420072 seconds.
  path: Assets/MixedRealityToolkit.Generated/ProjectPreferences.asset
  artifactKey: Guid(8e7a621def9c2cb4aa42ac54e5bb7744) Importer(815301076,1909f56bfc062723c751e8b465ee728b)
Start importing Assets/MixedRealityToolkit.Generated/ProjectPreferences.asset using Guid(8e7a621def9c2cb4aa42ac54e5bb7744) Importer(815301076,1909f56bfc062723c751e8b465ee728b)  -> (artifact id: 'a4a174893e24d499a21c7575a696a3ef') in 0.001151 seconds
Number of updated asset objects reloaded before import = 0
Number of asset objects unloaded after import = 1
========================================================================
Received Import Request.
  Time since last request: 6.152090 seconds.
  path: Assets/MixedRealityToolkit.Generated/ProjectPreferences.asset
  artifactKey: Guid(8e7a621def9c2cb4aa42ac54e5bb7744) Importer(815301076,1909f56bfc062723c751e8b465ee728b)
Start importing Assets/MixedRealityToolkit.Generated/ProjectPreferences.asset using Guid(8e7a621def9c2cb4aa42ac54e5bb7744) Importer(815301076,1909f56bfc062723c751e8b465ee728b)  -> (artifact id: 'ad7562a4e8c6fb97ced17751d92c7f5f') in 0.001064 seconds
Number of updated asset objects reloaded before import = 0
Number of asset objects unloaded after import = 1
